<?xml version="1.0" encoding="UTF-8"?>
<testsuite name="BoardTest" tests="1" skipped="0" failures="0" errors="0" timestamp="2021-01-30T06:36:54" hostname="larrycharryui-MacBookPro.local" time="0.027">
  <properties/>
  <testcase name="calculatePointTest" classname="BoardTest" time="0.027"/>
  <system-out><![CDATA[.KR.....
........
.P..Q...
........
........
........
.....pp.
....rk..

.KR.....
P.PB....
.P..Q...
........
.....nq.
.....p.p
.....pp.
....rk..

]]></system-out>
  <system-err><![CDATA[]]></system-err>
</testsuite>
